<?xml version="1.0" encoding="UTF-8"?>
<!-- Generated by org.testng.reporters.JUnitReportReporter -->
<testsuite hostname="AVI" failures="0" tests="2" name="com.Aspire.framework.testNG.Annototations1" time="0.008" errors="0" timestamp="2022-02-22T00:04:09 IST" skipped="0">
  <testcase classname="com.Aspire.framework.testNG.Annototations1" name="Loginbtn" time="0.006"/>
  <system-out>
    <![CDATA[Click on login btn successful]]>
  </system-out>
  <testcase classname="com.Aspire.framework.testNG.Annototations1" name="enterpassword" time="0.002"/>
  <system-out>
    <![CDATA[Enter Password successful]]>
  </system-out>
</testsuite> <!-- com.Aspire.framework.testNG.Annototations1 -->
