<?xml version="1.0" encoding="UTF-8"?>
<!-- Generated by org.testng.reporters.JUnitReportReporter -->
<testsuite hostname="AVI" failures="0" tests="1" name="com.Aspire.framework.testNG.Sample" time="0.008" errors="0" timestamp="2022-02-20T15:22:50 IST" skipped="0">
  <testcase classname="com.Aspire.framework.testNG.Sample" name="demo" time="0.008"/>
  <system-out/>
</testsuite> <!-- com.Aspire.framework.testNG.Sample -->
