<?xml version="1.0" encoding="UTF-8"?>
<!-- Generated by org.testng.reporters.JUnitReportReporter -->
<testsuite hostname="AVI" failures="0" tests="1" name="com.Aspire.framework.testNG.Sample" time="0.010" errors="0" timestamp="2022-02-21T23:16:40 IST" skipped="0">
  <testcase classname="com.Aspire.framework.testNG.Sample" name="demo" time="0.010"/>
  <system-out>
    <![CDATA[Hii]]>
  </system-out>
</testsuite> <!-- com.Aspire.framework.testNG.Sample -->
